app/android/app/build/intermediates/manifest_merge_blame_file/debug/manifest-merger-blame-debug-report.txt
1<?xml version="1.0" encoding="utf-8"?>
2<manifest xmlns:android="http://schemas.android.com/apk/res/android"
3    xmlns:dist="http://schemas.android.com/apk/distribution"
4    package="org.tensorflow.lite.examples.imageclassification"
5    android:versionCode="1"
6    android:versionName="1.0" >
7
8    <uses-sdk
9        android:minSdkVersion="23"
9-->src\main\AndroidManifest.xml
10        android:targetSdkVersion="32" />
10-->src\main\AndroidManifest.xml
11    <!-- Enable instant app support -->
12    <dist:module dist:instant="true" /> <!-- Declare features -->
12-->src\main\AndroidManifest.xml:7:5-40
12-->src\main\AndroidManifest.xml:7:18-37
13    <uses-feature android:name="android.hardware.camera" /> <!-- Declare permissions -->
13-->src\main\AndroidManifest.xml:8:5-60
13-->src\main\AndroidManifest.xml:8:19-57
14    <uses-permission android:name="android.permission.CAMERA" />
14-->src\main\AndroidManifest.xml:9:5-65
14-->src\main\AndroidManifest.xml:9:22-62
15    <uses-permission android:name="android.permission.WRITE_EXTERNAL_STORAGE" />
16    <uses-permission android:name="android.permission.READ_PHONE_STATE" />
17    <uses-permission android:name="android.permission.READ_EXTERNAL_STORAGE" />
18
19    <application
19-->src\main\AndroidManifest.xml:11:5-48:19
20        android:allowBackup="true"
20-->src\main\AndroidManifest.xml:12:9-35
21        android:appComponentFactory="androidx.core.app.CoreComponentFactory"
21-->[androidx.core:core:1.8.0] AndroidManifest.xml:24:18-86
22        android:debuggable="true"
23        android:extractNativeLibs="false"
24        android:icon="@mipmap/ic_launcher"
24-->src\main\AndroidManifest.xml:13:9-43
25        android:label="@string/app_name"
25-->src\main\AndroidManifest.xml:14:9-41
26        android:roundIcon="@mipmap/ic_launcher_round"
26-->src\main\AndroidManifest.xml:15:9-54
27        android:supportsRtl="true"
27-->src\main\AndroidManifest.xml:16:9-35
28        android:taskAffinity=""
28-->src\main\AndroidManifest.xml:17:9-32
29        android:testOnly="true" >
30
31        <!--
32            <activity
33            android:name=".MainActivity2"
34            android:exported="false" />
35        -->
36        <activity
36-->src\main\AndroidManifest.xml:22:9-25:40
37            android:name="org.tensorflow.lite.examples.imageclassification.MainActivity2"
37-->src\main\AndroidManifest.xml:23:13-42
38            android:exported="false"
38-->src\main\AndroidManifest.xml:25:13-37
39            android:theme="@style/AppTheme" />
39-->src\main\AndroidManifest.xml:24:13-44
40        <activity
40-->src\main\AndroidManifest.xml:26:9-47:20
41            android:name="org.tensorflow.lite.examples.imageclassification.MainActivity"
41-->src\main\AndroidManifest.xml:27:13-41
42            android:clearTaskOnLaunch="true"
42-->src\main\AndroidManifest.xml:28:13-45
43            android:configChanges="orientation|screenLayout|screenSize|smallestScreenSize"
43-->src\main\AndroidManifest.xml:29:13-91
44            android:exported="true"
44-->src\main\AndroidManifest.xml:30:13-36
45            android:resizeableActivity="true"
45-->src\main\AndroidManifest.xml:31:13-46
46            android:rotationAnimation="seamless"
46-->src\main\AndroidManifest.xml:32:13-49
47            android:theme="@style/AppTheme" >
47-->src\main\AndroidManifest.xml:33:13-44
48
49            <!-- Main app intent filter -->
50            <intent-filter>
50-->src\main\AndroidManifest.xml:37:13-41:29
51                <action android:name="android.intent.action.MAIN" />
51-->src\main\AndroidManifest.xml:38:17-69
51-->src\main\AndroidManifest.xml:38:25-66
52
53                <category android:name="android.intent.category.LAUNCHER" />
53-->src\main\AndroidManifest.xml:40:17-77
53-->src\main\AndroidManifest.xml:40:27-74
54            </intent-filter>
55
56            <!-- Declare notch support -->
57            <meta-data
57-->src\main\AndroidManifest.xml:44:13-46:40
58                android:name="android.notch_support"
58-->src\main\AndroidManifest.xml:45:17-53
59                android:value="true" />
59-->src\main\AndroidManifest.xml:46:17-37
60        </activity>
61
62        <uses-library
62-->[androidx.window:window:1.1.0-alpha02] AndroidManifest.xml:25:9-27:40
63            android:name="androidx.window.extensions"
63-->[androidx.window:window:1.1.0-alpha02] AndroidManifest.xml:26:13-54
64            android:required="false" />
64-->[androidx.window:window:1.1.0-alpha02] AndroidManifest.xml:27:13-37
65        <uses-library
65-->[androidx.window:window:1.1.0-alpha02] AndroidManifest.xml:28:9-30:40
66            android:name="androidx.window.sidecar"
66-->[androidx.window:window:1.1.0-alpha02] AndroidManifest.xml:29:13-51
67            android:required="false" />
67-->[androidx.window:window:1.1.0-alpha02] AndroidManifest.xml:30:13-37
68
69        <service
69-->[androidx.camera:camera-camera2:1.2.0-alpha02] AndroidManifest.xml:25:9-34:19
70            android:name="androidx.camera.core.impl.MetadataHolderService"
70-->[androidx.camera:camera-camera2:1.2.0-alpha02] AndroidManifest.xml:26:13-75
71            android:enabled="false"
71-->[androidx.camera:camera-camera2:1.2.0-alpha02] AndroidManifest.xml:27:13-36
72            android:exported="false" >
72-->[androidx.camera:camera-camera2:1.2.0-alpha02] AndroidManifest.xml:28:13-37
73            <meta-data
73-->[androidx.camera:camera-camera2:1.2.0-alpha02] AndroidManifest.xml:31:13-33:89
74                android:name="androidx.camera.core.impl.MetadataHolderService.DEFAULT_CONFIG_PROVIDER"
74-->[androidx.camera:camera-camera2:1.2.0-alpha02] AndroidManifest.xml:32:17-103
75                android:value="androidx.camera.camera2.Camera2Config$DefaultProvider" />
75-->[androidx.camera:camera-camera2:1.2.0-alpha02] AndroidManifest.xml:33:17-86
76        </service>
77
78        <provider
78-->[androidx.emoji2:emoji2:1.0.0] AndroidManifest.xml:26:9-34:20
79            android:name="androidx.startup.InitializationProvider"
79-->[androidx.emoji2:emoji2:1.0.0] AndroidManifest.xml:27:13-67
80            android:authorities="org.tensorflow.lite.examples.imageclassification.androidx-startup"
80-->[androidx.emoji2:emoji2:1.0.0] AndroidManifest.xml:28:13-68
81            android:exported="false" >
81-->[androidx.emoji2:emoji2:1.0.0] AndroidManifest.xml:29:13-37
82            <meta-data
82-->[androidx.emoji2:emoji2:1.0.0] AndroidManifest.xml:31:13-33:52
83                android:name="androidx.emoji2.text.EmojiCompatInitializer"
83-->[androidx.emoji2:emoji2:1.0.0] AndroidManifest.xml:32:17-75
84                android:value="androidx.startup" />
84-->[androidx.emoji2:emoji2:1.0.0] AndroidManifest.xml:33:17-49
85            <meta-data
85-->[androidx.lifecycle:lifecycle-process:2.4.0] AndroidManifest.xml:31:13-33:52
86                android:name="androidx.lifecycle.ProcessLifecycleInitializer"
86-->[androidx.lifecycle:lifecycle-process:2.4.0] AndroidManifest.xml:32:17-78
87                android:value="androidx.startup" />
87-->[androidx.lifecycle:lifecycle-process:2.4.0] AndroidManifest.xml:33:17-49
88        </provider>
89    </application>
90
91</manifest>